#
# A fatal error has been detected by the Java Runtime Environment:
#
#  EXCEPTION_ACCESS_VIOLATION (0xc0000005) at pc=0x00007ffa0f50e659, pid=4512, tid=9960
#
# JRE version: OpenJDK Runtime Environment Temurin-17.0.8.1+1 (17.0.8.1+1) (build 17.0.8.1+1)
# Java VM: OpenJDK 64-Bit Server VM Temurin-17.0.8.1+1 (17.0.8.1+1, mixed mode, sharing, tiered, compressed oops, compressed class ptrs, g1 gc, windows-amd64)
# Problematic frame:
# C  [ig11icd64.dll+0x56e659]
#
# No core dump will be written. Minidumps are not enabled by default on client versions of Windows
#
# If you would like to submit a bug report, please visit:
#   https://github.com/adoptium/adoptium-support/issues
# The crash happened outside the Java Virtual Machine in native code.
# See problematic frame for where to report the bug.
#

---------------  S U M M A R Y ------------

Command Line: -agentlib:jdwp=transport=dt_socket,address=8635,server=y,suspend=y,quiet=y -Djna.nosys=true -Djava.library.path=;C:\Program Files\Processing\app\resources\core\library;C:\Program Files\Processing;C:\WINDOWS\system32;C:\WINDOWS;C:\Program Files (x86)\Common Files\Oracle\Java\java8path;C:\WINDOWS\system32;C:\WINDOWS;C:\WINDOWS\System32\Wbem;C:\WINDOWS\System32\WindowsPowerShell\v1.0;C:\WINDOWS\System32\OpenSSH;C:\Program Files\dotnet;C:\Program Files\Git\cmd;C:\Users\m0dz\AppData\Local\Microsoft\WindowsApps;C:\Users\m0dz\AppData\Local\Programs\Microsoft VS Code\bin;C:\Program Files\Processing;C:\Users\m0dz\AppData\Local\GitHubDesktop\bin;C:\Program Files\Processing\app;. -ea processing.core.PApplet --editor-location=652,143 --external --display=1 --sketch-path=C:\Users\m0dz\Desktop\GitHub\Assignment\00_Practice\linePractice_250907a\circle_250911a circle_250911a

Host: Intel(R) Core(TM) i3-1005G1 CPU @ 1.20GHz, 4 cores, 7G,  Windows 11 , 64 bit Build 26100 (10.0.26100.5074)
Time: Thu Sep 11 13:42:32 2025 Pacific Standard Time elapsed time: 1.999784 seconds (0d 0h 0m 1s)

---------------  T H R E A D  ---------------

Current thread (0x000002537e703130):  JavaThread "JDWP Transport Listener: dt_socket" daemon [_thread_in_native, id=9960, stack(0x000000855a700000,0x000000855a800000)]

Stack: [0x000000855a700000,0x000000855a800000],  sp=0x000000855a7febd0,  free space=1018k
Native frames: (J=compiled Java code, j=interpreted, Vv=VM code, C=native code)
C  [ig11icd64.dll+0x56e659]


siginfo: EXCEPTION_ACCESS_VIOLATION (0xc0000005), reading address 0x0000000000035378


Register to memory mapping:

RIP=0x00007ffa0f50e659 ig11icd64.dll
RAX=0x000002537f180800 points into unknown readable memory: 0x0000000000000021 | 21 00 00 00 00 00 00 00
RBX=0x000002537f180680 points into unknown readable memory: 0x000002537f14b760 | 60 b7 14 7f 53 02 00 00
RCX=0x0 is NULL
RDX=0x000002537f180780 points into unknown readable memory: 0x0000000000000000 | 00 00 00 00 00 00 00 00
RSP=0x000000855a7febd0 is pointing into the stack for thread: 0x000002537e703130
RBP=0x0000025345910870 points into unknown readable memory: 0x000002537f14b760 | 60 b7 14 7f 53 02 00 00
RSI=0x000002537f180bc8 points into unknown readable memory: 0x0000025345910870 | 70 08 91 45 53 02 00 00
RDI=0x000002537ec32470 points into unknown readable memory: 0x6172472f74776100 | 00 61 77 74 2f 47 72 61
R8 =0x0000000000000014 is an unknown value
R9 =0x00000085592dd000 points into unknown readable memory: 0x0000000000000000 | 00 00 00 00 00 00 00 00
R10=0x0 is NULL
R11=0x0000000000000246 is an unknown value
R12=0x0 is NULL
R13=0x0 is NULL
R14=0x0 is NULL
R15=0x0 is NULL


Registers:
RAX=0x000002537f180800, RBX=0x000002537f180680, RCX=0x0000000000000000, RDX=0x000002537f180780
RSP=0x000000855a7febd0, RBP=0x0000025345910870, RSI=0x000002537f180bc8, RDI=0x000002537ec32470
R8 =0x0000000000000014, R9 =0x00000085592dd000, R10=0x0000000000000000, R11=0x0000000000000246
R12=0x0000000000000000, R13=0x0000000000000000, R14=0x0000000000000000, R15=0x0000000000000000
RIP=0x00007ffa0f50e659, EFLAGS=0x0000000000010206

Top of Stack: (sp=0x000000855a7febd0)
0x000000855a7febd0:   000002537f1005c0 033db2cd035c50cd
0x000000855a7febe0:   000000855a7fec18 0000005400000000
0x000000855a7febf0:   00007ffa0ff064b0 0000000000000000
0x000000855a7fec00:   0000025345fc03d0 00000000000000a8
0x000000855a7fec10:   0000000000000000 00007ffa0f4ef381
0x000000855a7fec20:   000002537f1005c0 000002537ec32470
0x000000855a7fec30:   000000855a7fed20 0000000000000026
0x000000855a7fec40:   0000008500000464 02c925d700000000
0x000000855a7fec50:   0000000000000000 023e16da019ce7d8
0x000000855a7fec60:   031ab1da035e73da 037090db013125db
0x000000855a7fec70:   02f463dc032ff3db 022769de01191bdd
0x000000855a7fec80:   024329df02e681de 036b3ae0028f19e0
0x000000855a7fec90:   0201bce0035a6ae0 01b093e101996de1
0x000000855a7feca0:   036c9ae1035198e1 027f07e2032ff7e1
0x000000855a7fecb0:   00561be2033915e2 0289e2e303287ae3
0x000000855a7fecc0:   02e472e502c8d2e4 029acee5015cbde5 

Instructions: (pc=0x00007ffa0f50e659)
0x00007ffa0f50e559:   30 44 38 24 01 75 05 e8 d3 14 f9 ff 65 48 8b 04
0x00007ffa0f50e569:   25 58 00 00 00 41 be 20 00 00 00 48 8b 04 30 4d
0x00007ffa0f50e579:   8b 34 06 48 85 ed 0f 84 6f 03 00 00 66 66 66 0f
0x00007ffa0f50e589:   1f 84 00 00 00 00 00 48 8b dd 48 8d b5 48 05 00
0x00007ffa0f50e599:   00 48 8b 2e 45 84 ff 74 1d 48 8b 0b 48 8b d3 80
0x00007ffa0f50e5a9:   bb a0 05 00 00 00 0f 85 f2 02 00 00 e8 36 5f fe
0x00007ffa0f50e5b9:   ff e9 f4 02 00 00 8b 8f d0 01 00 00 48 8b 05 84
0x00007ffa0f50e5c9:   b9 8f 00 83 b8 64 03 00 00 02 0f 85 f4 00 00 00
0x00007ffa0f50e5d9:   48 8d 93 00 01 00 00 83 f9 10 73 04 8b c1 eb 56
0x00007ffa0f50e5e9:   44 8d 41 f0 41 8b c0 c1 e8 04 83 f8 03 73 20 0f
0x00007ffa0f50e5f9:   ae e8 41 83 e0 0f 4c 8b 8c c2 00 04 00 00 4d 85
0x00007ffa0f50e609:   c9 74 25 41 8b c0 48 c1 e0 06 49 03 c1 eb 2e 48
0x00007ffa0f50e619:   8b 82 18 04 00 00 48 85 c0 74 0d 39 08 74 29 48
0x00007ffa0f50e629:   8b 40 48 48 85 c0 75 f3 80 ba 20 04 00 00 00 74
0x00007ffa0f50e639:   1d 8b c1 83 e0 0f 48 c1 e0 06 48 03 c2 48 85 c0
0x00007ffa0f50e649:   74 0c 48 8b 48 08 eb 08 48 83 c0 08 eb ef 33 c9
0x00007ffa0f50e659:   49 3b 8e 78 53 03 00 76 6b 48 8b 87 80 02 00 00
0x00007ffa0f50e669:   48 89 06 48 89 9f 80 02 00 00 ff 87 88 02 00 00
0x00007ffa0f50e679:   48 8b 4b 08 48 8b 01 ba 01 00 00 00 48 8b 80 e0
0x00007ffa0f50e689:   02 00 00 ff 15 6e ef 59 00 0f b7 c8 48 2b c1 48
0x00007ffa0f50e699:   05 00 00 01 00 48 01 87 90 02 00 00 48 8b 4b 08
0x00007ffa0f50e6a9:   48 8b 01 ba 01 00 00 00 48 8b 80 e0 02 00 00 ff
0x00007ffa0f50e6b9:   15 42 ef 59 00 48 01 87 a0 02 00 00 41 b4 01 e9
0x00007ffa0f50e6c9:   e6 01 00 00 44 8b 9f d0 01 00 00 48 8b 87 e8 01
0x00007ffa0f50e6d9:   00 00 4c 8b 10 8b 8f d0 01 00 00 48 8d 93 00 01
0x00007ffa0f50e6e9:   00 00 83 f9 10 73 04 8b c1 eb 57 44 8d 41 f0 41
0x00007ffa0f50e6f9:   8b c0 c1 e8 04 83 f8 03 73 20 0f ae e8 41 83 e0
0x00007ffa0f50e709:   0f 4c 8b 8c c2 00 04 00 00 4d 85 c9 74 26 41 8b
0x00007ffa0f50e719:   c0 48 c1 e0 06 49 03 c1 eb 2f 48 8b 82 18 04 00
0x00007ffa0f50e729:   00 48 85 c0 74 0e 90 39 08 74 3c 48 8b 40 48 48
0x00007ffa0f50e739:   85 c0 75 f3 80 ba 20 04 00 00 00 74 1b 8b c1 83
0x00007ffa0f50e749:   e0 0f 48 c1 e0 06 48 03 c2 48 85 c0 74 0a 4c 39 


Stack slot to memory mapping:
stack at sp + 0 slots: 0x000002537f1005c0 points into unknown readable memory: 0xffffffffffffffff | ff ff ff ff ff ff ff ff
stack at sp + 1 slots: 0x033db2cd035c50cd is an unknown value
stack at sp + 2 slots: 0x000000855a7fec18 is pointing into the stack for thread: 0x000002537e703130
stack at sp + 3 slots: 0x0000005400000000 is an unknown value
stack at sp + 4 slots: 0x00007ffa0ff064b0 ig11icd64.dll
stack at sp + 5 slots: 0x0 is NULL
stack at sp + 6 slots: 0x0000025345fc03d0 points into unknown readable memory: 0x0000000000000000 | 00 00 00 00 00 00 00 00
stack at sp + 7 slots: 0x00000000000000a8 is an unknown value


---------------  P R O C E S S  ---------------

Threads class SMR info:
_java_thread_list=0x000002537f0da7e0, length=17, elements={
0x0000025360af8d70, 0x000002537e478620, 0x000002537e478ef0, 0x000002537e4901f0,
0x000002537e490ac0, 0x000002537e491390, 0x000002537e491c60, 0x000002537e494870,
0x000002537e4a2750, 0x000002537e4a5070, 0x000002537e703130, 0x000002537e71ccd0,
0x000002537e7215e0, 0x000002537e723440, 0x000002537e721af0, 0x000002537e722000,
0x000002537e722a20
}

Java Threads: ( => current thread )
  0x0000025360af8d70 JavaThread "main" [_thread_in_native, id=14172, stack(0x0000008559700000,0x0000008559800000)]
  0x000002537e478620 JavaThread "Reference Handler" daemon [_thread_blocked, id=6328, stack(0x0000008559e00000,0x0000008559f00000)]
  0x000002537e478ef0 JavaThread "Finalizer" daemon [_thread_blocked, id=17132, stack(0x0000008559f00000,0x000000855a000000)]
  0x000002537e4901f0 JavaThread "Signal Dispatcher" daemon [_thread_blocked, id=3892, stack(0x000000855a000000,0x000000855a100000)]
  0x000002537e490ac0 JavaThread "Attach Listener" daemon [_thread_blocked, id=14332, stack(0x000000855a100000,0x000000855a200000)]
  0x000002537e491390 JavaThread "Service Thread" daemon [_thread_blocked, id=11440, stack(0x000000855a200000,0x000000855a300000)]
  0x000002537e491c60 JavaThread "Monitor Deflation Thread" daemon [_thread_blocked, id=14284, stack(0x000000855a300000,0x000000855a400000)]
  0x000002537e494870 JavaThread "C2 CompilerThread0" daemon [_thread_blocked, id=17316, stack(0x000000855a400000,0x000000855a500000)]
  0x000002537e4a2750 JavaThread "C1 CompilerThread0" daemon [_thread_blocked, id=14576, stack(0x000000855a500000,0x000000855a600000)]
  0x000002537e4a5070 JavaThread "Sweeper thread" daemon [_thread_blocked, id=11020, stack(0x000000855a600000,0x000000855a700000)]
=>0x000002537e703130 JavaThread "JDWP Transport Listener: dt_socket" daemon [_thread_in_native, id=9960, stack(0x000000855a700000,0x000000855a800000)]
  0x000002537e71ccd0 JavaThread "JDWP Event Helper Thread" daemon [_thread_blocked, id=12508, stack(0x000000855a800000,0x000000855a900000)]
  0x000002537e7215e0 JavaThread "Notification Thread" daemon [_thread_blocked, id=15684, stack(0x000000855aa00000,0x000000855ab00000)]
  0x000002537e723440 JavaThread "Common-Cleaner" daemon [_thread_blocked, id=12704, stack(0x000000855ac00000,0x000000855ad00000)]
  0x000002537e721af0 JavaThread "Java2D Disposer" daemon [_thread_blocked, id=18136, stack(0x000000855ad00000,0x000000855ae00000)]
  0x000002537e722000 JavaThread "AWT-Windows" daemon [_thread_in_native, id=15804, stack(0x000000855af00000,0x000000855b000000)]
  0x000002537e722a20 JavaThread "main-SharedResourceRunner" daemon [_thread_blocked, id=17268, stack(0x000000855b400000,0x000000855b500000)]

Other Threads:
  0x000002537e472d50 VMThread "VM Thread" [stack: 0x0000008559d00000,0x0000008559e00000] [id=11584]
  0x000002537e7254a0 WatcherThread [stack: 0x000000855ab00000,0x000000855ac00000] [id=5292]
  0x0000025360b55be0 GCTaskThread "GC Thread#0" [stack: 0x0000008559800000,0x0000008559900000] [id=12720]
  0x000002537ecc0610 GCTaskThread "GC Thread#1" [stack: 0x000000855b100000,0x000000855b200000] [id=11432]
  0x000002537eccddc0 GCTaskThread "GC Thread#2" [stack: 0x000000855b200000,0x000000855b300000] [id=12272]
  0x000002537ecce080 GCTaskThread "GC Thread#3" [stack: 0x000000855b300000,0x000000855b400000] [id=10984]
  0x0000025360b66f10 ConcurrentGCThread "G1 Main Marker" [stack: 0x0000008559900000,0x0000008559a00000] [id=2736]
  0x0000025360b67fd0 ConcurrentGCThread "G1 Conc#0" [stack: 0x0000008559a00000,0x0000008559b00000] [id=15180]
  0x0000025360ba8920 ConcurrentGCThread "G1 Refine#0" [stack: 0x0000008559b00000,0x0000008559c00000] [id=8020]
  0x0000025360bac020 ConcurrentGCThread "G1 Service" [stack: 0x0000008559c00000,0x0000008559d00000] [id=17144]

Threads with active compile tasks:

VM state: not at safepoint (normal execution)

VM Mutex/Monitor currently owned by a thread: None

Heap address: 0x0000000084000000, size: 1984 MB, Compressed Oops mode: 32-bit

CDS archive(s) mapped at: [0x0000025300000000-0x0000025300bd0000-0x0000025300bd0000), size 12386304, SharedBaseAddress: 0x0000025300000000, ArchiveRelocationMode: 1.
Compressed class space mapped at: 0x0000025301000000-0x0000025341000000, reserved size: 1073741824
Narrow klass base: 0x0000025300000000, Narrow klass shift: 0, Narrow klass range: 0x100000000

GC Precious Log:
 CPUs: 4 total, 4 available
 Memory: 7929M
 Large Page Support: Disabled
 NUMA Support: Disabled
 Compressed Oops: Enabled (32-bit)
 Heap Region Size: 1M
 Heap Min Capacity: 8M
 Heap Initial Capacity: 124M
 Heap Max Capacity: 1984M
 Pre-touch: Disabled
 Parallel Workers: 4
 Concurrent Workers: 1
 Concurrent Refinement Workers: 4
 Periodic GC: Disabled

Heap:
 garbage-first heap   total 126976K, used 6965K [0x0000000084000000, 0x0000000100000000)
  region size 1024K, 6 young (6144K), 2 survivors (2048K)
 Metaspace       used 11111K, committed 11328K, reserved 1114112K
  class space    used 769K, committed 896K, reserved 1048576K

Heap Regions: E=young(eden), S=young(survivor), O=old, HS=humongous(starts), HC=humongous(continues), CS=collection set, F=free, OA=open archive, CA=closed archive, TAMS=top-at-mark-start (previous, next)
|   0|0x0000000084000000, 0x0000000084100000, 0x0000000084100000|100%| O|  |TAMS 0x0000000084000000, 0x0000000084000000| Untracked 
|   1|0x0000000084100000, 0x0000000084100000, 0x0000000084200000|  0%| F|  |TAMS 0x0000000084100000, 0x0000000084100000| Untracked 
|   2|0x0000000084200000, 0x0000000084300000, 0x0000000084300000|100%| O|  |TAMS 0x0000000084200000, 0x0000000084200000| Untracked 
|   3|0x0000000084300000, 0x0000000084331000, 0x0000000084400000| 19%| O|  |TAMS 0x0000000084300000, 0x0000000084300000| Untracked 
|   4|0x0000000084400000, 0x0000000084400000, 0x0000000084500000|  0%| F|  |TAMS 0x0000000084400000, 0x0000000084400000| Untracked 
|   5|0x0000000084500000, 0x0000000084500000, 0x0000000084600000|  0%| F|  |TAMS 0x0000000084500000, 0x0000000084500000| Untracked 
|   6|0x0000000084600000, 0x0000000084600000, 0x0000000084700000|  0%| F|  |TAMS 0x0000000084600000, 0x0000000084600000| Untracked 
|   7|0x0000000084700000, 0x0000000084700000, 0x0000000084800000|  0%| F|  |TAMS 0x0000000084700000, 0x0000000084700000| Untracked 
|   8|0x0000000084800000, 0x0000000084800000, 0x0000000084900000|  0%| F|  |TAMS 0x0000000084800000, 0x0000000084800000| Untracked 
|   9|0x0000000084900000, 0x0000000084900000, 0x0000000084a00000|  0%| F|  |TAMS 0x0000000084900000, 0x0000000084900000| Untracked 
|  10|0x0000000084a00000, 0x0000000084a00000, 0x0000000084b00000|  0%| F|  |TAMS 0x0000000084a00000, 0x0000000084a00000| Untracked 
|  11|0x0000000084b00000, 0x0000000084b00000, 0x0000000084c00000|  0%| F|  |TAMS 0x0000000084b00000, 0x0000000084b00000| Untracked 
|  12|0x0000000084c00000, 0x0000000084c00000, 0x0000000084d00000|  0%| F|  |TAMS 0x0000000084c00000, 0x0000000084c00000| Untracked 
|  13|0x0000000084d00000, 0x0000000084d00000, 0x0000000084e00000|  0%| F|  |TAMS 0x0000000084d00000, 0x0000000084d00000| Untracked 
|  14|0x0000000084e00000, 0x0000000084e00000, 0x0000000084f00000|  0%| F|  |TAMS 0x0000000084e00000, 0x0000000084e00000| Untracked 
|  15|0x0000000084f00000, 0x0000000084f00000, 0x0000000085000000|  0%| F|  |TAMS 0x0000000084f00000, 0x0000000084f00000| Untracked 
|  16|0x0000000085000000, 0x0000000085000000, 0x0000000085100000|  0%| F|  |TAMS 0x0000000085000000, 0x0000000085000000| Untracked 
|  17|0x0000000085100000, 0x0000000085100000, 0x0000000085200000|  0%| F|  |TAMS 0x0000000085100000, 0x0000000085100000| Untracked 
|  18|0x0000000085200000, 0x0000000085200000, 0x0000000085300000|  0%| F|  |TAMS 0x0000000085200000, 0x0000000085200000| Untracked 
|  19|0x0000000085300000, 0x0000000085300000, 0x0000000085400000|  0%| F|  |TAMS 0x0000000085300000, 0x0000000085300000| Untracked 
|  20|0x0000000085400000, 0x0000000085400000, 0x0000000085500000|  0%| F|  |TAMS 0x0000000085400000, 0x0000000085400000| Untracked 
|  21|0x0000000085500000, 0x0000000085500000, 0x0000000085600000|  0%| F|  |TAMS 0x0000000085500000, 0x0000000085500000| Untracked 
|  22|0x0000000085600000, 0x0000000085600000, 0x0000000085700000|  0%| F|  |TAMS 0x0000000085600000, 0x0000000085600000| Untracked 
|  23|0x0000000085700000, 0x0000000085700000, 0x0000000085800000|  0%| F|  |TAMS 0x0000000085700000, 0x0000000085700000| Untracked 
|  24|0x0000000085800000, 0x0000000085800000, 0x0000000085900000|  0%| F|  |TAMS 0x0000000085800000, 0x0000000085800000| Untracked 
|  25|0x0000000085900000, 0x0000000085900000, 0x0000000085a00000|  0%| F|  |TAMS 0x0000000085900000, 0x0000000085900000| Untracked 
|  26|0x0000000085a00000, 0x0000000085a00000, 0x0000000085b00000|  0%| F|  |TAMS 0x0000000085a00000, 0x0000000085a00000| Untracked 
|  27|0x0000000085b00000, 0x0000000085b00000, 0x0000000085c00000|  0%| F|  |TAMS 0x0000000085b00000, 0x0000000085b00000| Untracked 
|  28|0x0000000085c00000, 0x0000000085c00000, 0x0000000085d00000|  0%| F|  |TAMS 0x0000000085c00000, 0x0000000085c00000| Untracked 
|  29|0x0000000085d00000, 0x0000000085d00000, 0x0000000085e00000|  0%| F|  |TAMS 0x0000000085d00000, 0x0000000085d00000| Untracked 
|  30|0x0000000085e00000, 0x0000000085e00000, 0x0000000085f00000|  0%| F|  |TAMS 0x0000000085e00000, 0x0000000085e00000| Untracked 
|  31|0x0000000085f00000, 0x0000000085f00000, 0x0000000086000000|  0%| F|  |TAMS 0x0000000085f00000, 0x0000000085f00000| Untracked 
|  32|0x0000000086000000, 0x0000000086000000, 0x0000000086100000|  0%| F|  |TAMS 0x0000000086000000, 0x0000000086000000| Untracked 
|  33|0x0000000086100000, 0x0000000086100000, 0x0000000086200000|  0%| F|  |TAMS 0x0000000086100000, 0x0000000086100000| Untracked 
|  34|0x0000000086200000, 0x0000000086200000, 0x0000000086300000|  0%| F|  |TAMS 0x0000000086200000, 0x0000000086200000| Untracked 
|  35|0x0000000086300000, 0x0000000086300000, 0x0000000086400000|  0%| F|  |TAMS 0x0000000086300000, 0x0000000086300000| Untracked 
|  36|0x0000000086400000, 0x0000000086400000, 0x0000000086500000|  0%| F|  |TAMS 0x0000000086400000, 0x0000000086400000| Untracked 
|  37|0x0000000086500000, 0x0000000086500000, 0x0000000086600000|  0%| F|  |TAMS 0x0000000086500000, 0x0000000086500000| Untracked 
|  38|0x0000000086600000, 0x0000000086600000, 0x0000000086700000|  0%| F|  |TAMS 0x0000000086600000, 0x0000000086600000| Untracked 
|  39|0x0000000086700000, 0x0000000086700000, 0x0000000086800000|  0%| F|  |TAMS 0x0000000086700000, 0x0000000086700000| Untracked 
|  40|0x0000000086800000, 0x0000000086800000, 0x0000000086900000|  0%| F|  |TAMS 0x0000000086800000, 0x0000000086800000| Untracked 
|  41|0x0000000086900000, 0x0000000086900000, 0x0000000086a00000|  0%| F|  |TAMS 0x0000000086900000, 0x0000000086900000| Untracked 
|  42|0x0000000086a00000, 0x0000000086a00000, 0x0000000086b00000|  0%| F|  |TAMS 0x0000000086a00000, 0x0000000086a00000| Untracked 
|  43|0x0000000086b00000, 0x0000000086b00000, 0x0000000086c00000|  0%| F|  |TAMS 0x0000000086b00000, 0x0000000086b00000| Untracked 
|  44|0x0000000086c00000, 0x0000000086c00000, 0x0000000086d00000|  0%| F|  |TAMS 0x0000000086c00000, 0x0000000086c00000| Untracked 
|  45|0x0000000086d00000, 0x0000000086d00000, 0x0000000086e00000|  0%| F|  |TAMS 0x0000000086d00000, 0x0000000086d00000| Untracked 
|  46|0x0000000086e00000, 0x0000000086e00000, 0x0000000086f00000|  0%| F|  |TAMS 0x0000000086e00000, 0x0000000086e00000| Untracked 
|  47|0x0000000086f00000, 0x0000000086f00000, 0x0000000087000000|  0%| F|  |TAMS 0x0000000086f00000, 0x0000000086f00000| Untracked 
|  48|0x0000000087000000, 0x0000000087000000, 0x0000000087100000|  0%| F|  |TAMS 0x0000000087000000, 0x0000000087000000| Untracked 
|  49|0x0000000087100000, 0x0000000087100000, 0x0000000087200000|  0%| F|  |TAMS 0x0000000087100000, 0x0000000087100000| Untracked 
|  50|0x0000000087200000, 0x0000000087200000, 0x0000000087300000|  0%| F|  |TAMS 0x0000000087200000, 0x0000000087200000| Untracked 
|  51|0x0000000087300000, 0x0000000087300000, 0x0000000087400000|  0%| F|  |TAMS 0x0000000087300000, 0x0000000087300000| Untracked 
|  52|0x0000000087400000, 0x0000000087400000, 0x0000000087500000|  0%| F|  |TAMS 0x0000000087400000, 0x0000000087400000| Untracked 
|  53|0x0000000087500000, 0x0000000087500000, 0x0000000087600000|  0%| F|  |TAMS 0x0000000087500000, 0x0000000087500000| Untracked 
|  54|0x0000000087600000, 0x0000000087600000, 0x0000000087700000|  0%| F|  |TAMS 0x0000000087600000, 0x0000000087600000| Untracked 
|  55|0x0000000087700000, 0x0000000087700000, 0x0000000087800000|  0%| F|  |TAMS 0x0000000087700000, 0x0000000087700000| Untracked 
|  56|0x0000000087800000, 0x0000000087800000, 0x0000000087900000|  0%| F|  |TAMS 0x0000000087800000, 0x0000000087800000| Untracked 
|  57|0x0000000087900000, 0x0000000087900000, 0x0000000087a00000|  0%| F|  |TAMS 0x0000000087900000, 0x0000000087900000| Untracked 
|  58|0x0000000087a00000, 0x0000000087a00000, 0x0000000087b00000|  0%| F|  |TAMS 0x0000000087a00000, 0x0000000087a00000| Untracked 
|  59|0x0000000087b00000, 0x0000000087b00000, 0x0000000087c00000|  0%| F|  |TAMS 0x0000000087b00000, 0x0000000087b00000| Untracked 
|  60|0x0000000087c00000, 0x0000000087c00000, 0x0000000087d00000|  0%| F|  |TAMS 0x0000000087c00000, 0x0000000087c00000| Untracked 
|  61|0x0000000087d00000, 0x0000000087d00000, 0x0000000087e00000|  0%| F|  |TAMS 0x0000000087d00000, 0x0000000087d00000| Untracked 
|  62|0x0000000087e00000, 0x0000000087e00000, 0x0000000087f00000|  0%| F|  |TAMS 0x0000000087e00000, 0x0000000087e00000| Untracked 
|  63|0x0000000087f00000, 0x0000000087f00000, 0x0000000088000000|  0%| F|  |TAMS 0x0000000087f00000, 0x0000000087f00000| Untracked 
|  64|0x0000000088000000, 0x0000000088000000, 0x0000000088100000|  0%| F|  |TAMS 0x0000000088000000, 0x0000000088000000| Untracked 
|  65|0x0000000088100000, 0x0000000088100000, 0x0000000088200000|  0%| F|  |TAMS 0x0000000088100000, 0x0000000088100000| Untracked 
|  66|0x0000000088200000, 0x0000000088200000, 0x0000000088300000|  0%| F|  |TAMS 0x0000000088200000, 0x0000000088200000| Untracked 
|  67|0x0000000088300000, 0x0000000088300000, 0x0000000088400000|  0%| F|  |TAMS 0x0000000088300000, 0x0000000088300000| Untracked 
|  68|0x0000000088400000, 0x0000000088400000, 0x0000000088500000|  0%| F|  |TAMS 0x0000000088400000, 0x0000000088400000| Untracked 
|  69|0x0000000088500000, 0x0000000088500000, 0x0000000088600000|  0%| F|  |TAMS 0x0000000088500000, 0x0000000088500000| Untracked 
|  70|0x0000000088600000, 0x0000000088600000, 0x0000000088700000|  0%| F|  |TAMS 0x0000000088600000, 0x0000000088600000| Untracked 
|  71|0x0000000088700000, 0x0000000088700000, 0x0000000088800000|  0%| F|  |TAMS 0x0000000088700000, 0x0000000088700000| Untracked 
|  72|0x0000000088800000, 0x0000000088800000, 0x0000000088900000|  0%| F|  |TAMS 0x0000000088800000, 0x0000000088800000| Untracked 
|  73|0x0000000088900000, 0x0000000088900000, 0x0000000088a00000|  0%| F|  |TAMS 0x0000000088900000, 0x0000000088900000| Untracked 
|  74|0x0000000088a00000, 0x0000000088a00000, 0x0000000088b00000|  0%| F|  |TAMS 0x0000000088a00000, 0x0000000088a00000| Untracked 
|  75|0x0000000088b00000, 0x0000000088b00000, 0x0000000088c00000|  0%| F|  |TAMS 0x0000000088b00000, 0x0000000088b00000| Untracked 
|  76|0x0000000088c00000, 0x0000000088c00000, 0x0000000088d00000|  0%| F|  |TAMS 0x0000000088c00000, 0x0000000088c00000| Untracked 
|  77|0x0000000088d00000, 0x0000000088d00000, 0x0000000088e00000|  0%| F|  |TAMS 0x0000000088d00000, 0x0000000088d00000| Untracked 
|  78|0x0000000088e00000, 0x0000000088e00000, 0x0000000088f00000|  0%| F|  |TAMS 0x0000000088e00000, 0x0000000088e00000| Untracked 
|  79|0x0000000088f00000, 0x0000000088f00000, 0x0000000089000000|  0%| F|  |TAMS 0x0000000088f00000, 0x0000000088f00000| Untracked 
|  80|0x0000000089000000, 0x0000000089000000, 0x0000000089100000|  0%| F|  |TAMS 0x0000000089000000, 0x0000000089000000| Untracked 
|  81|0x0000000089100000, 0x0000000089100000, 0x0000000089200000|  0%| F|  |TAMS 0x0000000089100000, 0x0000000089100000| Untracked 
|  82|0x0000000089200000, 0x0000000089200000, 0x0000000089300000|  0%| F|  |TAMS 0x0000000089200000, 0x0000000089200000| Untracked 
|  83|0x0000000089300000, 0x0000000089300000, 0x0000000089400000|  0%| F|  |TAMS 0x0000000089300000, 0x0000000089300000| Untracked 
|  84|0x0000000089400000, 0x0000000089400000, 0x0000000089500000|  0%| F|  |TAMS 0x0000000089400000, 0x0000000089400000| Untracked 
|  85|0x0000000089500000, 0x0000000089500000, 0x0000000089600000|  0%| F|  |TAMS 0x0000000089500000, 0x0000000089500000| Untracked 
|  86|0x0000000089600000, 0x0000000089600000, 0x0000000089700000|  0%| F|  |TAMS 0x0000000089600000, 0x0000000089600000| Untracked 
|  87|0x0000000089700000, 0x0000000089700000, 0x0000000089800000|  0%| F|  |TAMS 0x0000000089700000, 0x0000000089700000| Untracked 
|  88|0x0000000089800000, 0x0000000089800000, 0x0000000089900000|  0%| F|  |TAMS 0x0000000089800000, 0x0000000089800000| Untracked 
|  89|0x0000000089900000, 0x0000000089900000, 0x0000000089a00000|  0%| F|  |TAMS 0x0000000089900000, 0x0000000089900000| Untracked 
|  90|0x0000000089a00000, 0x0000000089a00000, 0x0000000089b00000|  0%| F|  |TAMS 0x0000000089a00000, 0x0000000089a00000| Untracked 
|  91|0x0000000089b00000, 0x0000000089b00000, 0x0000000089c00000|  0%| F|  |TAMS 0x0000000089b00000, 0x0000000089b00000| Untracked 
|  92|0x0000000089c00000, 0x0000000089c00000, 0x0000000089d00000|  0%| F|  |TAMS 0x0000000089c00000, 0x0000000089c00000| Untracked 
|  93|0x0000000089d00000, 0x0000000089d00000, 0x0000000089e00000|  0%| F|  |TAMS 0x0000000089d00000, 0x0000000089d00000| Untracked 
|  94|0x0000000089e00000, 0x0000000089e00000, 0x0000000089f00000|  0%| F|  |TAMS 0x0000000089e00000, 0x0000000089e00000| Untracked 
|  95|0x0000000089f00000, 0x0000000089f00000, 0x000000008a000000|  0%| F|  |TAMS 0x0000000089f00000, 0x0000000089f00000| Untracked 
|  96|0x000000008a000000, 0x000000008a000000, 0x000000008a100000|  0%| F|  |TAMS 0x000000008a000000, 0x000000008a000000| Untracked 
|  97|0x000000008a100000, 0x000000008a100000, 0x000000008a200000|  0%| F|  |TAMS 0x000000008a100000, 0x000000008a100000| Untracked 
|  98|0x000000008a200000, 0x000000008a200000, 0x000000008a300000|  0%| F|  |TAMS 0x000000008a200000, 0x000000008a200000| Untracked 
|  99|0x000000008a300000, 0x000000008a300000, 0x000000008a400000|  0%| F|  |TAMS 0x000000008a300000, 0x000000008a300000| Untracked 
| 100|0x000000008a400000, 0x000000008a400000, 0x000000008a500000|  0%| F|  |TAMS 0x000000008a400000, 0x000000008a400000| Untracked 
| 101|0x000000008a500000, 0x000000008a500000, 0x000000008a600000|  0%| F|  |TAMS 0x000000008a500000, 0x000000008a500000| Untracked 
| 102|0x000000008a600000, 0x000000008a600000, 0x000000008a700000|  0%| F|  |TAMS 0x000000008a600000, 0x000000008a600000| Untracked 
| 103|0x000000008a700000, 0x000000008a700000, 0x000000008a800000|  0%| F|  |TAMS 0x000000008a700000, 0x000000008a700000| Untracked 
| 104|0x000000008a800000, 0x000000008a89c6d8, 0x000000008a900000| 61%| S|CS|TAMS 0x000000008a800000, 0x000000008a800000| Complete 
| 105|0x000000008a900000, 0x000000008aa00000, 0x000000008aa00000|100%| S|CS|TAMS 0x000000008a900000, 0x000000008a900000| Complete 
| 106|0x000000008aa00000, 0x000000008aa00000, 0x000000008ab00000|  0%| F|  |TAMS 0x000000008aa00000, 0x000000008aa00000| Untracked 
| 107|0x000000008ab00000, 0x000000008ab00000, 0x000000008ac00000|  0%| F|  |TAMS 0x000000008ab00000, 0x000000008ab00000| Untracked 
| 108|0x000000008ac00000, 0x000000008ac00000, 0x000000008ad00000|  0%| F|  |TAMS 0x000000008ac00000, 0x000000008ac00000| Untracked 
| 109|0x000000008ad00000, 0x000000008ad00000, 0x000000008ae00000|  0%| F|  |TAMS 0x000000008ad00000, 0x000000008ad00000| Untracked 
| 110|0x000000008ae00000, 0x000000008ae00000, 0x000000008af00000|  0%| F|  |TAMS 0x000000008ae00000, 0x000000008ae00000| Untracked 
| 111|0x000000008af00000, 0x000000008af00000, 0x000000008b000000|  0%| F|  |TAMS 0x000000008af00000, 0x000000008af00000| Untracked 
| 112|0x000000008b000000, 0x000000008b000000, 0x000000008b100000|  0%| F|  |TAMS 0x000000008b000000, 0x000000008b000000| Untracked 
| 113|0x000000008b100000, 0x000000008b100000, 0x000000008b200000|  0%| F|  |TAMS 0x000000008b100000, 0x000000008b100000| Untracked 
| 114|0x000000008b200000, 0x000000008b200000, 0x000000008b300000|  0%| F|  |TAMS 0x000000008b200000, 0x000000008b200000| Untracked 
| 115|0x000000008b300000, 0x000000008b300000, 0x000000008b400000|  0%| F|  |TAMS 0x000000008b300000, 0x000000008b300000| Untracked 
| 116|0x000000008b400000, 0x000000008b400000, 0x000000008b500000|  0%| F|  |TAMS 0x000000008b400000, 0x000000008b400000| Untracked 
| 117|0x000000008b500000, 0x000000008b500000, 0x000000008b600000|  0%| F|  |TAMS 0x000000008b500000, 0x000000008b500000| Untracked 
| 118|0x000000008b600000, 0x000000008b600000, 0x000000008b700000|  0%| F|  |TAMS 0x000000008b600000, 0x000000008b600000| Untracked 
| 119|0x000000008b700000, 0x000000008b700000, 0x000000008b800000|  0%| F|  |TAMS 0x000000008b700000, 0x000000008b700000| Untracked 
| 120|0x000000008b800000, 0x000000008b900000, 0x000000008b900000|100%| E|  |TAMS 0x000000008b800000, 0x000000008b800000| Complete 
| 121|0x000000008b900000, 0x000000008ba00000, 0x000000008ba00000|100%| E|CS|TAMS 0x000000008b900000, 0x000000008b900000| Complete 
| 122|0x000000008ba00000, 0x000000008bb00000, 0x000000008bb00000|100%| E|CS|TAMS 0x000000008ba00000, 0x000000008ba00000| Complete 
| 123|0x000000008bb00000, 0x000000008bc00000, 0x000000008bc00000|100%| E|CS|TAMS 0x000000008bb00000, 0x000000008bb00000| Complete 

Card table byte_map: [0x00000253779c0000,0x0000025377da0000] _byte_map_base: 0x00000253775a0000

Marking Bits (Prev, Next): (CMBitMap*) 0x0000025360b56110, (CMBitMap*) 0x0000025360b56150
 Prev Bits: [0x0000025378180000, 0x000002537a080000)
 Next Bits: [0x000002537a080000, 0x000002537bf80000)

Polling page: 0x000002535ec60000

Metaspace:

Usage:
  Non-class:     10.10 MB used.
      Class:    769.90 KB used.
       Both:     10.85 MB used.

Virtual space:
  Non-class space:       64.00 MB reserved,      10.19 MB ( 16%) committed,  1 nodes.
      Class space:        1.00 GB reserved,     896.00 KB ( <1%) committed,  1 nodes.
             Both:        1.06 GB reserved,      11.06 MB (  1%) committed. 

Chunk freelists:
   Non-Class:  5.84 MB
       Class:  15.03 MB
        Both:  20.88 MB

MaxMetaspaceSize: unlimited
CompressedClassSpaceSize: 1.00 GB
Initial GC threshold: 21.00 MB
Current GC threshold: 21.00 MB
CDS: on
MetaspaceReclaimPolicy: balanced
 - commit_granule_bytes: 65536.
 - commit_granule_words: 8192.
 - virtual_space_node_default_size: 8388608.
 - enlarge_chunks_in_place: 1.
 - new_chunks_are_fully_committed: 0.
 - uncommit_free_chunks: 1.
 - use_allocation_guard: 0.
 - handle_deallocations: 1.


Internal statistics:

num_allocs_failed_limit: 0.
num_arena_births: 94.
num_arena_deaths: 0.
num_vsnodes_births: 2.
num_vsnodes_deaths: 0.
num_space_committed: 173.
num_space_uncommitted: 0.
num_chunks_returned_to_freelist: 0.
num_chunks_taken_from_freelist: 319.
num_chunk_merges: 0.
num_chunk_splits: 246.
num_chunks_enlarged: 195.
num_inconsistent_stats: 0.

CodeHeap 'non-profiled nmethods': size=120000Kb used=356Kb max_used=356Kb free=119643Kb
 bounds [0x00000253700b0000, 0x0000025370320000, 0x00000253775e0000]
CodeHeap 'profiled nmethods': size=120000Kb used=1821Kb max_used=1821Kb free=118178Kb
 bounds [0x00000253685e0000, 0x0000025368850000, 0x000002536fb10000]
CodeHeap 'non-nmethods': size=5760Kb used=1581Kb max_used=1600Kb free=4178Kb
 bounds [0x000002536fb10000, 0x000002536fd80000, 0x00000253700b0000]
 total_blobs=1843 nmethods=945 adapters=811
 compilation: enabled
              stopped_count=0, restarted_count=0
 full_count=0

Compilation events (20 events):
Event: 1.898 Thread 0x000002537e494870  936       4       java.lang.AbstractStringBuilder::isLatin1 (19 bytes)
Event: 1.898 Thread 0x000002537e494870 nmethod 936 0x0000025370102a10 code [0x0000025370102b80, 0x0000025370102c18]
Event: 1.899 Thread 0x000002537e494870  937 %     4       java.lang.Class::searchFields @ 8 (43 bytes)
Event: 1.906 Thread 0x000002537e494870 nmethod 937% 0x0000025370102d10 code [0x0000025370102ea0, 0x00000253701036f8]
Event: 1.906 Thread 0x000002537e494870  938       4       java.lang.Class::searchFields (43 bytes)
Event: 1.911 Thread 0x000002537e494870 nmethod 938 0x0000025370103990 code [0x0000025370103b20, 0x0000025370104078]
Event: 1.913 Thread 0x000002537e4a2750  939       1       java.util.concurrent.locks.AbstractOwnableSynchronizer::getExclusiveOwnerThread (5 bytes)
Event: 1.913 Thread 0x000002537e4a2750 nmethod 939 0x0000025370104290 code [0x0000025370104420, 0x00000253701044f8]
Event: 1.915 Thread 0x000002537e4a2750  940       3       java.nio.ByteOrder::nativeOrder (4 bytes)
Event: 1.915 Thread 0x000002537e4a2750 nmethod 940 0x00000253687a6910 code [0x00000253687a6aa0, 0x00000253687a6b98]
Event: 1.916 Thread 0x000002537e494870  941   !   4       jdk.internal.loader.URLClassPath$JarLoader::getResource (65 bytes)
Event: 1.940 Thread 0x000002537e494870 nmethod 941 0x0000025370104590 code [0x00000253701047e0, 0x0000025370105dd0]
Event: 1.940 Thread 0x000002537e494870  942   !   4       java.util.zip.ZipFile::getEntry (59 bytes)
Event: 1.955 Thread 0x000002537e4a2750  943       3       java.lang.Character::digit (6 bytes)
Event: 1.956 Thread 0x000002537e4a2750 nmethod 943 0x00000253687a6c10 code [0x00000253687a6dc0, 0x00000253687a7018]
Event: 1.956 Thread 0x000002537e4a2750  944       3       java.lang.Character::digit (10 bytes)
Event: 1.956 Thread 0x000002537e4a2750 nmethod 944 0x00000253687a7110 code [0x00000253687a72c0, 0x00000253687a74b8]
Event: 1.956 Thread 0x000002537e4a2750  945       1       com.jogamp.nativewindow.DefaultGraphicsDevice::getUniqueID (5 bytes)
Event: 1.956 Thread 0x000002537e4a2750 nmethod 945 0x0000025370107190 code [0x0000025370107320, 0x00000253701073f8]
Event: 1.956 Thread 0x000002537e494870 nmethod 942 0x0000025370107490 code [0x00000253701076a0, 0x0000025370108730]

GC Heap History (4 events):
Event: 0.719 GC heap before
{Heap before GC invocations=0 (full 0):
 garbage-first heap   total 126976K, used 12288K [0x0000000084000000, 0x0000000100000000)
  region size 1024K, 13 young (13312K), 0 survivors (0K)
 Metaspace       used 7200K, committed 7424K, reserved 1114112K
  class space    used 590K, committed 704K, reserved 1048576K
}
Event: 0.722 GC heap after
{Heap after GC invocations=1 (full 0):
 garbage-first heap   total 126976K, used 2510K [0x0000000084000000, 0x0000000100000000)
  region size 1024K, 2 young (2048K), 2 survivors (2048K)
 Metaspace       used 7200K, committed 7424K, reserved 1114112K
  class space    used 590K, committed 704K, reserved 1048576K
}
Event: 1.704 GC heap before
{Heap before GC invocations=1 (full 0):
 garbage-first heap   total 126976K, used 19918K [0x0000000084000000, 0x0000000100000000)
  region size 1024K, 18 young (18432K), 2 survivors (2048K)
 Metaspace       used 10993K, committed 11200K, reserved 1114112K
  class space    used 757K, committed 896K, reserved 1048576K
}
Event: 1.712 GC heap after
{Heap after GC invocations=2 (full 0):
 garbage-first heap   total 126976K, used 3893K [0x0000000084000000, 0x0000000100000000)
  region size 1024K, 2 young (2048K), 2 survivors (2048K)
 Metaspace       used 10993K, committed 11200K, reserved 1114112K
  class space    used 757K, committed 896K, reserved 1048576K
}

Dll operation events (13 events):
Event: 0.008 Loaded shared library C:\Program Files\Processing\app\resources\jdk\bin\java.dll
Event: 0.023 Loaded shared library C:\Program Files\Processing\app\resources\jdk\bin\jsvml.dll
Event: 0.176 Loaded shared library C:\Program Files\Processing\app\resources\jdk\bin\net.dll
Event: 0.178 Loaded shared library C:\Program Files\Processing\app\resources\jdk\bin\nio.dll
Event: 0.182 Loaded shared library C:\Program Files\Processing\app\resources\jdk\bin\zip.dll
Event: 0.238 Loaded shared library C:\Program Files\Processing\app\resources\jdk\bin\jimage.dll
Event: 0.242 Loaded shared library C:\Program Files\Processing\app\resources\jdk\bin\awt.dll
Event: 0.641 Loaded shared library C:\Users\m0dz\AppData\Local\Temp\jogamp_0000\file_cache\jln17476431713933373053\jln365800942792813461\natives\windows-amd64\gluegen_rt.dll
Event: 0.652 Loaded shared library C:\Program Files\Processing\app\resources\jdk\bin\jawt.dll
Event: 0.665 Loaded shared library C:\Users\m0dz\AppData\Local\Temp\jogamp_0000\file_cache\jln17476431713933373053\jln365800942792813461\natives\windows-amd64\nativewindow_awt.dll
Event: 0.704 Loaded shared library C:\Users\m0dz\AppData\Local\Temp\jogamp_0000\file_cache\jln17476431713933373053\jln365800942792813461\natives\windows-amd64\nativewindow_win32.dll
Event: 0.812 Loaded shared library C:\Users\m0dz\AppData\Local\Temp\jogamp_0000\file_cache\jln17476431713933373053\jln365800942792813461\natives\windows-amd64\jogl_desktop.dll
Event: 0.940 Loaded shared library C:\Users\m0dz\AppData\Local\Temp\jogamp_0000\file_cache\jln17476431713933373053\jln365800942792813461\natives\windows-amd64\jogl_mobile.dll

Deoptimization events (20 events):
Event: 0.437 Thread 0x0000025360af8d70 DEOPT PACKING pc=0x00000253700d4d00 sp=0x00000085597fa280
Event: 0.437 Thread 0x0000025360af8d70 DEOPT UNPACKING pc=0x000002536fb6a1a3 sp=0x00000085597fa1f8 mode 2
Event: 0.619 Thread 0x0000025360af8d70 Uncommon trap: trap_request=0xffffff45 fr.pc=0x00000253700dfd48 relative=0x00000000000003a8
Event: 0.619 Thread 0x0000025360af8d70 Uncommon trap: reason=unstable_if action=reinterpret pc=0x00000253700dfd48 method=java.lang.StringLatin1.newString([BII)Ljava/lang/String; @ 1 c2
Event: 0.619 Thread 0x0000025360af8d70 DEOPT PACKING pc=0x00000253700dfd48 sp=0x00000085597fb4d0
Event: 0.619 Thread 0x0000025360af8d70 DEOPT UNPACKING pc=0x000002536fb6a1a3 sp=0x00000085597fb4b8 mode 2
Event: 0.675 Thread 0x0000025360af8d70 DEOPT PACKING pc=0x00000253686a146c sp=0x00000085597fc1d0
Event: 0.675 Thread 0x0000025360af8d70 DEOPT UNPACKING pc=0x000002536fb6ace3 sp=0x00000085597fb668 mode 1
Event: 0.675 Thread 0x0000025360af8d70 DEOPT PACKING pc=0x00000253686a095c sp=0x00000085597fc2a0
Event: 0.675 Thread 0x0000025360af8d70 DEOPT UNPACKING pc=0x000002536fb6ace3 sp=0x00000085597fb758 mode 1
Event: 1.080 Thread 0x000002537e722a20 DEOPT PACKING pc=0x0000025368611186 sp=0x000000855b4fdc10
Event: 1.080 Thread 0x000002537e722a20 DEOPT UNPACKING pc=0x000002536fb6ace3 sp=0x000000855b4fd080 mode 0
Event: 1.357 Thread 0x000002537e722a20 DEOPT PACKING pc=0x000002536860d7be sp=0x000000855b4fd070
Event: 1.357 Thread 0x000002537e722a20 DEOPT UNPACKING pc=0x000002536fb6ace3 sp=0x000000855b4fc4e8 mode 0
Event: 1.897 Thread 0x000002537e722a20 Uncommon trap: trap_request=0xffffff45 fr.pc=0x00000253700f340c relative=0x000000000000064c
Event: 1.897 Thread 0x000002537e722a20 Uncommon trap: reason=unstable_if action=reinterpret pc=0x00000253700f340c method=java.lang.Integer.getChars(II[B)I @ 25 c2
Event: 1.897 Thread 0x000002537e722a20 DEOPT PACKING pc=0x00000253700f340c sp=0x000000855b4fec80
Event: 1.897 Thread 0x000002537e722a20 DEOPT UNPACKING pc=0x000002536fb6a1a3 sp=0x000000855b4febd8 mode 2
Event: 1.911 Thread 0x000002537e722a20 DEOPT PACKING pc=0x000002536879ebb4 sp=0x000000855b4fed70
Event: 1.911 Thread 0x000002537e722a20 DEOPT UNPACKING pc=0x000002536fb6ace3 sp=0x000000855b4fe218 mode 0

Classes unloaded (0 events):
No events

Classes redefined (0 events):
No events

Internal exceptions (15 events):
Event: 0.222 Thread 0x0000025360af8d70 Exception <a 'java/lang/NoSuchMethodError'{0x000000008b8a0290}: 'void java.lang.invoke.DirectMethodHandle$Holder.invokeStatic(java.lang.Object, java.lang.Object, java.lang.Object)'> (0x000000008b8a0290) 
thrown [s\src\hotspot\share\interpreter\linkResolver.cpp, line 759]
Event: 0.231 Thread 0x0000025360af8d70 Exception <a 'java/lang/ClassNotFoundException'{0x000000008b8c5df0}: sun/awt/resources/spi/awtProvider> (0x000000008b8c5df0) 
thrown [s\src\hotspot\share\classfile\systemDictionary.cpp, line 256]
Event: 0.255 Thread 0x0000025360af8d70 Exception <a 'java/io/FileNotFoundException'{0x000000008b71b488}> (0x000000008b71b488) 
thrown [s\src\hotspot\share\prims\jni.cpp, line 516]
Event: 0.262 Thread 0x0000025360af8d70 Exception <a 'java/io/FileNotFoundException'{0x000000008b748648}> (0x000000008b748648) 
thrown [s\src\hotspot\share\prims\jni.cpp, line 516]
Event: 0.302 Thread 0x0000025360af8d70 Exception <a 'java/lang/NoSuchMethodError'{0x000000008b7f5090}: 'java.lang.Object java.lang.invoke.DirectMethodHandle$Holder.invokeStaticInit(java.lang.Object)'> (0x000000008b7f5090) 
thrown [s\src\hotspot\share\interpreter\linkResolver.cpp, line 759]
Event: 0.448 Thread 0x0000025360af8d70 Exception <a 'java/lang/NoSuchMethodError'{0x000000008b3cd630}: 'java.lang.Object java.lang.invoke.DirectMethodHandle$Holder.invokeStaticInit(java.lang.Object, int, int, int, int)'> (0x000000008b3cd630) 
thrown [s\src\hotspot\share\interpreter\linkResolver.cpp, line 759]
Event: 0.506 Thread 0x0000025360af8d70 Exception <a 'java/lang/NoSuchMethodError'{0x000000008b2b5f88}: 'java.lang.Object java.lang.invoke.DirectMethodHandle$Holder.invokeStaticInit(java.lang.Object, java.lang.Object, int, int, int, int)'> (0x000000008b2b5f88) 
thrown [s\src\hotspot\share\interpreter\linkResolver.cpp, line 759]
Event: 0.533 Thread 0x0000025360af8d70 Exception <a 'java/lang/NoSuchMethodError'{0x000000008b2c16a0}: 'void java.lang.invoke.DirectMethodHandle$Holder.invokeStatic(java.lang.Object, long)'> (0x000000008b2c16a0) 
thrown [s\src\hotspot\share\interpreter\linkResolver.cpp, line 759]
Event: 0.534 Thread 0x0000025360af8d70 Exception <a 'java/lang/NoSuchMethodError'{0x000000008b2c6c80}: 'java.lang.Object java.lang.invoke.DirectMethodHandle$Holder.newInvokeSpecial(java.lang.Object, long)'> (0x000000008b2c6c80) 
thrown [s\src\hotspot\share\interpreter\linkResolver.cpp, line 759]
Event: 0.537 Thread 0x0000025360af8d70 Exception <a 'java/lang/NoSuchMethodError'{0x000000008b2ce1b8}: 'java.lang.Object java.lang.invoke.DirectMethodHandle$Holder.invokeStatic(java.lang.Object, java.lang.Object, long, java.lang.Object)'> (0x000000008b2ce1b8) 
thrown [s\src\hotspot\share\interpreter\linkResolver.cpp, line 759]
Event: 0.537 Thread 0x0000025360af8d70 Exception <a 'java/lang/NoSuchMethodError'{0x000000008b2d1c50}: 'java.lang.Object java.lang.invoke.DirectMethodHandle$Holder.invokeStaticInit(java.lang.Object, java.lang.Object, long, java.lang.Object)'> (0x000000008b2d1c50) 
thrown [s\src\hotspot\share\interpreter\linkResolver.cpp, line 759]
Event: 0.538 Thread 0x0000025360af8d70 Exception <a 'java/lang/NoSuchMethodError'{0x000000008b2d8210}: 'java.lang.Object java.lang.invoke.DirectMethodHandle$Holder.newInvokeSpecial(java.lang.Object, java.lang.Object, long)'> (0x000000008b2d8210) 
thrown [s\src\hotspot\share\interpreter\linkResolver.cpp, line 759]
Event: 0.539 Thread 0x0000025360af8d70 Exception <a 'java/lang/NoSuchMethodError'{0x000000008b2dbd80}: 'java.lang.Object java.lang.invoke.Invokers$Holder.linkToTargetMethod(java.lang.Object, long, java.lang.Object)'> (0x000000008b2dbd80) 
thrown [s\src\hotspot\share\interpreter\linkResolver.cpp, line 759]
Event: 0.678 Thread 0x0000025360af8d70 Exception <a 'java/lang/NoSuchMethodError'{0x000000008b0187d8}: 'java.lang.Object java.lang.invoke.DirectMethodHandle$Holder.invokeInterface(java.lang.Object, java.lang.Object)'> (0x000000008b0187d8) 
thrown [s\src\hotspot\share\interpreter\linkResolver.cpp, line 759]
Event: 0.679 Thread 0x0000025360af8d70 Exception <a 'java/lang/IncompatibleClassChangeError'{0x000000008b01bfd0}: Found class java.lang.Object, but interface was expected> (0x000000008b01bfd0) 
thrown [s\src\hotspot\share\interpreter\linkResolver.cpp, line 826]

VM Operations (18 events):
Event: 0.164 Executing VM operation: ChangeBreakpoints
Event: 0.165 Executing VM operation: ChangeBreakpoints done
Event: 0.186 Executing VM operation: HandshakeAllThreads
Event: 0.186 Executing VM operation: HandshakeAllThreads done
Event: 0.357 Executing VM operation: HandshakeAllThreads
Event: 0.357 Executing VM operation: HandshakeAllThreads done
Event: 0.431 Executing VM operation: HandshakeAllThreads
Event: 0.431 Executing VM operation: HandshakeAllThreads done
Event: 0.462 Executing VM operation: HandshakeAllThreads
Event: 0.462 Executing VM operation: HandshakeAllThreads done
Event: 0.635 Executing VM operation: HandshakeAllThreads
Event: 0.635 Executing VM operation: HandshakeAllThreads done
Event: 0.643 Executing VM operation: HandshakeAllThreads
Event: 0.643 Executing VM operation: HandshakeAllThreads done
Event: 0.719 Executing VM operation: G1CollectForAllocation
Event: 0.722 Executing VM operation: G1CollectForAllocation done
Event: 1.704 Executing VM operation: G1CollectForAllocation
Event: 1.713 Executing VM operation: G1CollectForAllocation done

Events (20 events):
Event: 0.700 loading class java/util/concurrent/locks/AbstractQueuedSynchronizer$ConditionNode
Event: 0.700 loading class java/util/concurrent/locks/AbstractQueuedSynchronizer$Node
Event: 0.700 loading class java/util/concurrent/locks/AbstractQueuedSynchronizer$Node done
Event: 0.700 loading class java/util/concurrent/locks/AbstractQueuedSynchronizer$ConditionNode done
Event: 0.705 loading class java/lang/CloneNotSupportedException
Event: 0.705 loading class java/lang/CloneNotSupportedException done
Event: 0.775 loading class java/lang/AssertionError
Event: 0.775 loading class java/lang/AssertionError done
Event: 0.815 loading class jdk/internal/reflect/UnsafeLongFieldAccessorImpl
Event: 0.816 loading class jdk/internal/reflect/UnsafeLongFieldAccessorImpl done
Event: 0.824 Thread 0x000002537e722a20 Thread added: 0x000002537e722a20
Event: 1.712 loading class sun/awt/AppContext$PostShutdownEventRunnable
Event: 1.713 loading class sun/awt/AppContext$PostShutdownEventRunnable done
Event: 1.713 loading class sun/awt/AWTAutoShutdown$1
Event: 1.713 loading class sun/awt/AWTAutoShutdown$1 done
Event: 1.713 loading class java/util/concurrent/locks/AbstractQueuedSynchronizer$ExclusiveNode
Event: 1.713 loading class java/util/concurrent/locks/AbstractQueuedSynchronizer$ExclusiveNode done
Event: 1.713 Thread 0x000002537e723950 Thread exited: 0x000002537e723950
Event: 1.713 Thread 0x000002537e722510 Thread exited: 0x000002537e722510
Event: 1.976 Thread 0x000002537e71f990 Thread exited: 0x000002537e71f990


Dynamic libraries:
0x00007ff6a0070000 - 0x00007ff6a007e000 	C:\Program Files\Processing\app\resources\jdk\bin\java.exe
0x00007ffab96c0000 - 0x00007ffab9929000 	C:\WINDOWS\SYSTEM32\ntdll.dll
0x00007ffab8050000 - 0x00007ffab8119000 	C:\WINDOWS\System32\KERNEL32.DLL
0x00007ffab7090000 - 0x00007ffab7483000 	C:\WINDOWS\System32\KERNELBASE.dll
0x00007ffab69d0000 - 0x00007ffab6b1b000 	C:\WINDOWS\System32\ucrtbase.dll
0x00007ffa85b60000 - 0x00007ffa85b79000 	C:\Program Files\Processing\app\resources\jdk\bin\VCRUNTIME140.dll
0x00007ffaa7e90000 - 0x00007ffaa7ea7000 	C:\Program Files\Processing\app\resources\jdk\bin\jli.dll
0x00007ffab94b0000 - 0x00007ffab9674000 	C:\WINDOWS\System32\USER32.dll
0x00007ffab69a0000 - 0x00007ffab69c7000 	C:\WINDOWS\System32\win32u.dll
0x00007ffaa3e90000 - 0x00007ffaa4123000 	C:\WINDOWS\WinSxS\amd64_microsoft.windows.common-controls_6595b64144ccf1df_6.0.26100.5074_none_3e0d6f78e32fd63f\COMCTL32.dll
0x00007ffab7d90000 - 0x00007ffab7dbb000 	C:\WINDOWS\System32\GDI32.dll
0x00007ffab7490000 - 0x00007ffab7539000 	C:\WINDOWS\System32\msvcrt.dll
0x00007ffab6ea0000 - 0x00007ffab6fcd000 	C:\WINDOWS\System32\gdi32full.dll
0x00007ffab6850000 - 0x00007ffab68f3000 	C:\WINDOWS\System32\msvcp_win.dll
0x00007ffab91f0000 - 0x00007ffab921f000 	C:\WINDOWS\System32\IMM32.DLL
0x00007ffaa7e80000 - 0x00007ffaa7e8c000 	C:\Program Files\Processing\app\resources\jdk\bin\vcruntime140_1.dll
0x00007ffa67990000 - 0x00007ffa67a21000 	C:\Program Files\Processing\app\resources\jdk\bin\msvcp140.dll
0x00007ffa0ffd0000 - 0x00007ffa10c1c000 	C:\Program Files\Processing\app\resources\jdk\bin\server\jvm.dll
0x00007ffab7e40000 - 0x00007ffab7ef4000 	C:\WINDOWS\System32\ADVAPI32.dll
0x00007ffab8ff0000 - 0x00007ffab9096000 	C:\WINDOWS\System32\sechost.dll
0x00007ffab7f30000 - 0x00007ffab8048000 	C:\WINDOWS\System32\RPCRT4.dll
0x00007ffab66b0000 - 0x00007ffab670e000 	C:\WINDOWS\SYSTEM32\POWRPROF.dll
0x00007ffaa8420000 - 0x00007ffaa842a000 	C:\WINDOWS\SYSTEM32\WSOCK32.dll
0x00007ffaa3630000 - 0x00007ffaa3665000 	C:\WINDOWS\SYSTEM32\WINMM.dll
0x00007ffab7820000 - 0x00007ffab7894000 	C:\WINDOWS\System32\WS2_32.dll
0x00007ffaa84d0000 - 0x00007ffaa84db000 	C:\WINDOWS\SYSTEM32\VERSION.dll
0x00007ffab6690000 - 0x00007ffab66a4000 	C:\WINDOWS\SYSTEM32\UMPDC.dll
0x00007ffab5630000 - 0x00007ffab564b000 	C:\WINDOWS\SYSTEM32\kernel.appcore.dll
0x00007ffa85b50000 - 0x00007ffa85b5a000 	C:\Program Files\Processing\app\resources\jdk\bin\jimage.dll
0x00007ffab3fa0000 - 0x00007ffab41e2000 	C:\WINDOWS\SYSTEM32\DBGHELP.DLL
0x00007ffab78a0000 - 0x00007ffab7c1b000 	C:\WINDOWS\System32\combase.dll
0x00007ffab9230000 - 0x00007ffab9307000 	C:\WINDOWS\System32\OLEAUT32.dll
0x00007ffa9dfc0000 - 0x00007ffa9dffd000 	C:\WINDOWS\SYSTEM32\dbgcore.DLL
0x00007ffab6900000 - 0x00007ffab6999000 	C:\WINDOWS\System32\bcryptPrimitives.dll
0x00007ffa82120000 - 0x00007ffa8215b000 	C:\Program Files\Processing\app\resources\jdk\bin\jdwp.dll
0x00007ffa69a80000 - 0x00007ffa69aa5000 	C:\Program Files\Processing\app\resources\jdk\bin\java.dll
0x00007ffa4c870000 - 0x00007ffa4c946000 	C:\Program Files\Processing\app\resources\jdk\bin\jsvml.dll
0x00007ffab87a0000 - 0x00007ffab8eed000 	C:\WINDOWS\System32\SHELL32.dll
0x00007ffab6ca0000 - 0x00007ffab6e0c000 	C:\WINDOWS\System32\wintypes.dll
0x00007ffab44f0000 - 0x00007ffab4d49000 	C:\WINDOWS\SYSTEM32\windows.storage.dll
0x00007ffab8ef0000 - 0x00007ffab8fe0000 	C:\WINDOWS\System32\SHCORE.dll
0x00007ffab77a0000 - 0x00007ffab7802000 	C:\WINDOWS\System32\shlwapi.dll
0x00007ffab6770000 - 0x00007ffab6799000 	C:\WINDOWS\SYSTEM32\profapi.dll
0x00007ffa69a70000 - 0x00007ffa69a7c000 	C:\Program Files\Processing\app\resources\jdk\bin\dt_socket.dll
0x00007ffab5050000 - 0x00007ffab5084000 	C:\WINDOWS\SYSTEM32\IPHLPAPI.DLL
0x00007ffab5bb0000 - 0x00007ffab5c1b000 	C:\WINDOWS\system32\mswsock.dll
0x00007ffa69a50000 - 0x00007ffa69a69000 	C:\Program Files\Processing\app\resources\jdk\bin\net.dll
0x00007ffaaaba0000 - 0x00007ffaaacbf000 	C:\WINDOWS\SYSTEM32\WINHTTP.dll
0x00007ffa67cc0000 - 0x00007ffa67cd5000 	C:\Program Files\Processing\app\resources\jdk\bin\nio.dll
0x00007ffa67ca0000 - 0x00007ffa67cb8000 	C:\Program Files\Processing\app\resources\jdk\bin\zip.dll
0x00007ffa458e0000 - 0x00007ffa45a6e000 	C:\Program Files\Processing\app\resources\jdk\bin\awt.dll
0x00007ffab3620000 - 0x00007ffab36be000 	C:\WINDOWS\SYSTEM32\apphelp.dll
0x00007ffab3730000 - 0x00007ffab37d8000 	C:\WINDOWS\system32\uxtheme.dll
0x00007ffab85b0000 - 0x00007ffab8708000 	C:\WINDOWS\System32\MSCTF.dll
0x00007ffab9310000 - 0x00007ffab94a8000 	C:\WINDOWS\System32\ole32.dll
0x00007ffab39c0000 - 0x00007ffab39eb000 	C:\WINDOWS\system32\DWMAPI.DLL
0x00007ffa8d200000 - 0x00007ffa8d30c000 	C:\WINDOWS\system32\opengl32.dll
0x00007ffa8f0b0000 - 0x00007ffa8f0dd000 	C:\WINDOWS\SYSTEM32\GLU32.dll
0x00007ffab3810000 - 0x00007ffab3854000 	C:\WINDOWS\SYSTEM32\dxcore.dll
0x00007ffab5e50000 - 0x00007ffab5e6b000 	C:\WINDOWS\SYSTEM32\CRYPTSP.dll
0x00007ffab5590000 - 0x00007ffab55cb000 	C:\WINDOWS\system32\rsaenh.dll
0x00007ffab5c50000 - 0x00007ffab5c7b000 	C:\WINDOWS\SYSTEM32\USERENV.dll
0x00007ffab6740000 - 0x00007ffab6766000 	C:\WINDOWS\SYSTEM32\bcrypt.dll
0x00007ffab5e70000 - 0x00007ffab5e7c000 	C:\WINDOWS\SYSTEM32\CRYPTBASE.dll
0x00007ffab7f20000 - 0x00007ffab7f2a000 	C:\WINDOWS\System32\NSI.dll
0x00007ffaaab00000 - 0x00007ffaaab1e000 	C:\WINDOWS\SYSTEM32\dhcpcsvc6.DLL
0x00007ffaaaad0000 - 0x00007ffaaaaf3000 	C:\WINDOWS\SYSTEM32\dhcpcsvc.DLL
0x00007ffab50e0000 - 0x00007ffab5206000 	C:\WINDOWS\SYSTEM32\DNSAPI.dll
0x00007ffa67970000 - 0x00007ffa67983000 	C:\Users\m0dz\AppData\Local\Temp\jogamp_0000\file_cache\jln17476431713933373053\jln365800942792813461\natives\windows-amd64\gluegen_rt.dll
0x00007ffa699b0000 - 0x00007ffa699b7000 	C:\Program Files\Processing\app\resources\jdk\bin\jawt.dll
0x00007ffa67b50000 - 0x00007ffa67b5d000 	C:\Users\m0dz\AppData\Local\Temp\jogamp_0000\file_cache\jln17476431713933373053\jln365800942792813461\natives\windows-amd64\nativewindow_awt.dll
0x00007ffa67950000 - 0x00007ffa67965000 	C:\Users\m0dz\AppData\Local\Temp\jogamp_0000\file_cache\jln17476431713933373053\jln365800942792813461\natives\windows-amd64\nativewindow_win32.dll
0x00007ffa65a30000 - 0x00007ffa65ab3000 	C:\Users\m0dz\AppData\Local\Temp\jogamp_0000\file_cache\jln17476431713933373053\jln365800942792813461\natives\windows-amd64\jogl_desktop.dll
0x00007ffa5e7d0000 - 0x00007ffa5e822000 	C:\Users\m0dz\AppData\Local\Temp\jogamp_0000\file_cache\jln17476431713933373053\jln365800942792813461\natives\windows-amd64\jogl_mobile.dll
0x00007ffab1460000 - 0x00007ffab14c0000 	C:\WINDOWS\SYSTEM32\directxdatabasehelper.dll
0x00007ffaa6950000 - 0x00007ffaa696a000 	C:\WINDOWS\SYSTEM32\windows.staterepositorycore.dll
0x00007ffa0efa0000 - 0x00007ffa0ffd0000 	C:\WINDOWS\System32\DriverStore\FileRepository\iigd_dch.inf_amd64_bc89636c592ed116\ig11icd64.dll
0x00007ffab3860000 - 0x00007ffab399a000 	C:\WINDOWS\system32\dxgi.dll
0x00007ffa15550000 - 0x00007ffa159d7000 	C:\WINDOWS\System32\DriverStore\FileRepository\iigd_dch.inf_amd64_bc89636c592ed116\igdml64.dll
0x00007ffab63b0000 - 0x00007ffab6407000 	C:\WINDOWS\SYSTEM32\cfgmgr32.dll
0x00007ffaaed60000 - 0x00007ffaaf12d000 	C:\WINDOWS\System32\DriverStore\FileRepository\iigd_dch.inf_amd64_bc89636c592ed116\igdgmm64.dll
0x00007ffaab790000 - 0x00007ffaae4d7000 	C:\WINDOWS\System32\DriverStore\FileRepository\iigd_dch.inf_amd64_bc89636c592ed116\igc64.dll

dbghelp: loaded successfully - version: 4.0.5 - missing functions: none
symbol engine: initialized successfully - sym options: 0x614 - pdb path: .;C:\Program Files\Processing\app\resources\jdk\bin;C:\WINDOWS\SYSTEM32;C:\WINDOWS\WinSxS\amd64_microsoft.windows.common-controls_6595b64144ccf1df_6.0.26100.5074_none_3e0d6f78e32fd63f;C:\Program Files\Processing\app\resources\jdk\bin\server;C:\Users\m0dz\AppData\Local\Temp\jogamp_0000\file_cache\jln17476431713933373053\jln365800942792813461\natives\windows-amd64;C:\WINDOWS\System32\DriverStore\FileRepository\iigd_dch.inf_amd64_bc89636c592ed116

VM Arguments:
jvm_args: -agentlib:jdwp=transport=dt_socket,address=8635,server=y,suspend=y,quiet=y -Djna.nosys=true -Djava.library.path=;C:\Program Files\Processing\app\resources\core\library;C:\Program Files\Processing;C:\WINDOWS\system32;C:\WINDOWS;C:\Program Files (x86)\Common Files\Oracle\Java\java8path;C:\WINDOWS\system32;C:\WINDOWS;C:\WINDOWS\System32\Wbem;C:\WINDOWS\System32\WindowsPowerShell\v1.0;C:\WINDOWS\System32\OpenSSH;C:\Program Files\dotnet;C:\Program Files\Git\cmd;C:\Users\m0dz\AppData\Local\Microsoft\WindowsApps;C:\Users\m0dz\AppData\Local\Programs\Microsoft VS Code\bin;C:\Program Files\Processing;C:\Users\m0dz\AppData\Local\GitHubDesktop\bin;C:\Program Files\Processing\app;. -ea 
java_command: processing.core.PApplet --editor-location=652,143 --external --display=1 --sketch-path=C:\Users\m0dz\Desktop\GitHub\Assignment\00_Practice\linePractice_250907a\circle_250911a circle_250911a
java_class_path (initial): C:\Users\m0dz\AppData\Local\Temp\processing\circle_250911a14988143772195185722temp;C:\Program Files\Processing\app\resources\core\library\annotations-13.0.jar;C:\Program Files\Processing\app\resources\core\library\antlr-2.7.7.jar;C:\Program Files\Processing\app\resources\core\library\core-4.4.6.jar;C:\Program Files\Processing\app\resources\core\library\gluegen-rt-2.5.0-natives-android-aarch64.jar;C:\Program Files\Processing\app\resources\core\library\gluegen-rt-2.5.0-natives-linux-aarch64.jar;C:\Program Files\Processing\app\resources\core\library\gluegen-rt-2.5.0-natives-linux-amd64.jar;C:\Program Files\Processing\app\resources\core\library\gluegen-rt-2.5.0-natives-linux-armv6hf.jar;C:\Program Files\Processing\app\resources\core\library\gluegen-rt-2.5.0-natives-macosx-universal.jar;C:\Program Files\Processing\app\resources\core\library\gluegen-rt-2.5.0-natives-windows-amd64.jar;C:\Program Files\Processing\app\resources\core\library\gluegen-rt-2.5.0.jar;C:\Program Files\Processing\app\resources\core\library\gluegen-rt-main-2.5.0.jar;C:\Program Files\Processing\app\resources\core\library\jogl-all-2.5.0-natives-android-aarch64.jar;C:\Program Files\Processing\app\resources\core\library\jogl-all-2.5.0-natives-linux-aarch64.jar;C:\Program Files\Processing\app\resources\core\library\jogl-all-2.5.0-natives-linux-amd64.jar;C:\Program Files\Processing\app\resources\core\library\jogl-all-2.5.0-natives-linux-armv6hf.jar;C:\Program Files\Processing\app\resources\core\library\jogl-all-2.5.0-natives-macosx-universal.jar;C:\Program Files\Processing\app\resources\core\library\jogl-all-2.5.0-natives-windows-amd64.jar;C:\Program Files\Processing\app\resources\core\library\jogl-all-2.5.0.jar;C:\Program Files\Processing\app\resources\core\library\jogl-all-main-2.5.0.jar;C:\Program Files\Processing\app\resources\core\library\kotlin-stdlib-2.0.20.jar
Launcher Type: SUN_STANDARD

[Global flags]
     intx CICompilerCount                          = 3                                         {product} {ergonomic}
     uint ConcGCThreads                            = 1                                         {product} {ergonomic}
     uint G1ConcRefinementThreads                  = 4                                         {product} {ergonomic}
   size_t G1HeapRegionSize                         = 1048576                                   {product} {ergonomic}
    uintx GCDrainStackTargetSize                   = 64                                        {product} {ergonomic}
   size_t InitialHeapSize                          = 130023424                                 {product} {ergonomic}
   size_t MarkStackSize                            = 4194304                                   {product} {ergonomic}
   size_t MaxHeapSize                              = 2080374784                                {product} {ergonomic}
   size_t MaxNewSize                               = 1247805440                                {product} {ergonomic}
   size_t MinHeapDeltaBytes                        = 1048576                                   {product} {ergonomic}
   size_t MinHeapSize                              = 8388608                                   {product} {ergonomic}
    uintx NonNMethodCodeHeapSize                   = 5832780                                {pd product} {ergonomic}
    uintx NonProfiledCodeHeapSize                  = 122912730                              {pd product} {ergonomic}
    uintx ProfiledCodeHeapSize                     = 122912730                              {pd product} {ergonomic}
    uintx ReservedCodeCacheSize                    = 251658240                              {pd product} {ergonomic}
     bool SegmentedCodeCache                       = true                                      {product} {ergonomic}
   size_t SoftMaxHeapSize                          = 2080374784                             {manageable} {ergonomic}
     bool UseCompressedClassPointers               = true                           {product lp64_product} {ergonomic}
     bool UseCompressedOops                        = true                           {product lp64_product} {ergonomic}
     bool UseG1GC                                  = true                                      {product} {ergonomic}
     bool UseLargePagesIndividualAllocation        = false                                  {pd product} {ergonomic}

Logging:
Log output configuration:
 #0: stdout all=warning uptime,level,tags
 #1: stderr all=off uptime,level,tags

Environment Variables:
PATH=C:\Program Files (x86)\Common Files\Oracle\Java\java8path;C:\Program Files (x86)\Common Files\Oracle\Java\javapath;C:\WINDOWS\system32;C:\WINDOWS;C:\WINDOWS\System32\Wbem;C:\WINDOWS\System32\WindowsPowerShell\v1.0\;C:\WINDOWS\System32\OpenSSH\;C:\Program Files\dotnet\;C:\Program Files\Git\cmd;C:\Users\m0dz\AppData\Local\Microsoft\WindowsApps;C:\Users\m0dz\AppData\Local\Programs\Microsoft VS Code\bin;C:\Users\m0dz\.dotnet\tools;C:\Program Files\Processing\;C:\Users\m0dz\AppData\Local\GitHubDesktop\bin;C:\Program Files\Processing\app
USERNAME=m0dz
OS=Windows_NT
PROCESSOR_IDENTIFIER=Intel64 Family 6 Model 126 Stepping 5, GenuineIntel
TMP=C:\Users\m0dz\AppData\Local\Temp
TEMP=C:\Users\m0dz\AppData\Local\Temp



---------------  S Y S T E M  ---------------

OS:
 Windows 11 , 64 bit Build 26100 (10.0.26100.5074)
OS uptime: 0 days 9:45 hours

CPU: total 4 (initial active 4) (2 cores per cpu, 2 threads per core) family 6 model 126 stepping 5 microcode 0xb8, cx8, cmov, fxsr, ht, mmx, 3dnowpref, sse, sse2, sse3, ssse3, sse4.1, sse4.2, popcnt, lzcnt, tsc, tscinvbit, avx, avx2, aes, erms, clmul, bmi1, bmi2, adx, avx512f, avx512dq, avx512cd, avx512bw, avx512vl, sha, fma, vzeroupper, avx512_vpopcntdq, avx512_vpclmulqdq, avx512_vaes, avx512_vnni, clflush, clflushopt, avx512_vbmi2, avx512_vbmi
Processor Information for all 4 processors :
  Max Mhz: 1190, Current Mhz: 1190, Mhz Limit: 1190

Memory: 4k page, system-wide physical 7929M (1136M free)
TotalPageFile size 18681M (AvailPageFile size 8614M)
current process WorkingSet (physical memory assigned to process): 203M, peak: 203M
current process commit charge ("private bytes"): 335M, peak: 335M

vm_info: OpenJDK 64-Bit Server VM (17.0.8.1+1) for windows-amd64 JRE (17.0.8.1+1), built on Aug 23 2023 15:29:17 by "admin" with MS VC++ 16.7 (VS2019)

END.
